\BOOKMARK [0][-]{chapter*.1}{Acknowledgements}{}% 1
\BOOKMARK [0][-]{chapter*.2}{Contributors}{}% 2
\BOOKMARK [0][-]{chapter*.3}{Active Calculus: Our Goals}{}% 3
\BOOKMARK [0][-]{chapter*.4}{Features of the Text}{}% 4
\BOOKMARK [0][-]{chapter*.5}{How to Use this Text}{}% 5
\BOOKMARK [0][-]{chapter*.7}{Functions}{}% 6
\BOOKMARK [1][-]{section.0.1}{The Definition of Function}{chapter*.7}% 7
\BOOKMARK [1][-]{section.0.2}{Functions Defined by Tables}{chapter*.7}% 8
\BOOKMARK [1][-]{section.0.3}{Functions Defined by Graphs}{chapter*.7}% 9
\BOOKMARK [1][-]{section.0.4}{Functions Defined by Equations}{chapter*.7}% 10
\BOOKMARK [1][-]{section.0.5}{Function Notation}{chapter*.7}% 11
\BOOKMARK [1][-]{section.0.6}{Evaluating a Function}{chapter*.7}% 12
\BOOKMARK [1][-]{section.0.7}{Linear Functions}{chapter*.7}% 13
\BOOKMARK [1][-]{section.0.8}{Describing Functions}{chapter*.7}% 14
\BOOKMARK [1][-]{section.0.9}{Function Transformations}{chapter*.7}% 15
\BOOKMARK [1][-]{section.0.10}{Inverse Functions}{chapter*.7}% 16
\BOOKMARK [1][-]{section.0.11}{Exercises}{chapter*.7}% 17
\BOOKMARK [0][-]{chapter*.18}{Exponential and Logarithmic Functions}{}% 18
\BOOKMARK [1][-]{section.0.12}{Exponential Functions}{chapter*.18}% 19
\BOOKMARK [1][-]{section.0.13}{Logarithmic Functions}{chapter*.18}% 20
\BOOKMARK [1][-]{section.0.14}{Exercises}{chapter*.18}% 21
\BOOKMARK [0][-]{chapter*.19}{Trigonometric Functions}{}% 22
\BOOKMARK [1][-]{section.0.15}{Periodic Functions}{chapter*.19}% 23
\BOOKMARK [1][-]{section.0.16}{The Common Trigonometric Functions}{chapter*.19}% 24
\BOOKMARK [1][-]{section.0.17}{Inverse Trigonometric Functions}{chapter*.19}% 25
\BOOKMARK [1][-]{section.0.18}{Generalized Trigonometric Functions}{chapter*.19}% 26
\BOOKMARK [1][-]{section.0.19}{Exercises}{chapter*.19}% 27
\BOOKMARK [0][-]{chapter.1}{Understanding the Derivative}{}% 28
\BOOKMARK [1][-]{section.1.1}{Introduction to Continuity}{chapter.1}% 29
\BOOKMARK [1][-]{section.1.2}{Introduction to Limits}{chapter.1}% 30
\BOOKMARK [1][-]{section.1.3}{How do we measure velocity?}{chapter.1}% 31
\BOOKMARK [1][-]{section.1.4}{The derivative of a function at a point}{chapter.1}% 32
\BOOKMARK [1][-]{section.1.5}{The derivative function}{chapter.1}% 33
\BOOKMARK [1][-]{section.1.6}{Interpreting, estimating, and using the derivative}{chapter.1}% 34
\BOOKMARK [1][-]{section.1.7}{The second derivative}{chapter.1}% 35
\BOOKMARK [1][-]{section.1.8}{Differentiability}{chapter.1}% 36
\BOOKMARK [0][-]{chapter.2}{Computing Derivatives}{}% 37
\BOOKMARK [1][-]{section.2.1}{Elementary derivative rules}{chapter.2}% 38
\BOOKMARK [1][-]{section.2.2}{The product and quotient rules}{chapter.2}% 39
\BOOKMARK [1][-]{section.2.3}{The sine and cosine functions}{chapter.2}% 40
\BOOKMARK [1][-]{section.2.4}{Derivatives of other trigonometric functions}{chapter.2}% 41
\BOOKMARK [1][-]{section.2.5}{The chain rule}{chapter.2}% 42
\BOOKMARK [1][-]{section.2.6}{Derivatives of Inverse Functions}{chapter.2}% 43
\BOOKMARK [1][-]{section.2.7}{Derivatives of Functions Given Implicitly}{chapter.2}% 44
\BOOKMARK [1][-]{section.2.8}{Hyperbolic Functions}{chapter.2}% 45
\BOOKMARK [1][-]{section.2.9}{The Tangent Line Approximation}{chapter.2}% 46
\BOOKMARK [1][-]{section.2.10}{The Mean Value Theorem}{chapter.2}% 47
\BOOKMARK [0][-]{chapter.3}{Using Derivatives}{}% 48
\BOOKMARK [1][-]{section.3.1}{Using derivatives to identify extreme values}{chapter.3}% 49
\BOOKMARK [1][-]{section.3.2}{Global Optimization}{chapter.3}% 50
\BOOKMARK [1][-]{section.3.3}{Applied Optimization}{chapter.3}% 51
\BOOKMARK [1][-]{section.3.4}{Using derivatives to describe families of functions}{chapter.3}% 52
\BOOKMARK [1][-]{section.3.5}{Related Rates}{chapter.3}% 53
\BOOKMARK [1][-]{section.3.6}{Using Derivatives to Evaluate Limits}{chapter.3}% 54
\BOOKMARK [1][-]{section.3.7}{Parametric Equations}{chapter.3}% 55
\BOOKMARK [0][-]{chapter.4}{The Definite Integral}{}% 56
\BOOKMARK [1][-]{section.4.1}{Determining distance traveled from velocity}{chapter.4}% 57
\BOOKMARK [1][-]{section.4.2}{Riemann Sums}{chapter.4}% 58
\BOOKMARK [1][-]{section.4.3}